Netgen 1.5.270 compiled on Sun Jun  2 19:00:27 UTC 2024
Warning: netgen command 'format' use fully-qualified name '::netgen::format'
Warning: netgen command 'global' use fully-qualified name '::netgen::global'
Generating JSON file result
Reading netlist file /openlane/designs/CPU_core/runs/RUN_2025.08.02_06.14.47/results/signoff/CPU_core.spice
Reading netlist file /openlane/designs/CPU_core/runs/RUN_2025.08.02_06.14.47/tmp/signoff/34-CPU_core.pnl.v
Warning:  A case-insensitive file has been read and so the	verilog file must be treated case-insensitive to match.
Creating placeholder cell definition for module sky130_fd_sc_hd__conb_1.
Note:  Implicit pin LO in instance CPU_core_166 of sky130_fd_sc_hd__conb_1 in cell CPU_core
Note:  Implicit pin HI in instance CPU_core_143 of sky130_fd_sc_hd__conb_1 in cell CPU_core
Note:  Implicit pin HI in instance CPU_core_144 of sky130_fd_sc_hd__conb_1 in cell CPU_core
Note:  Implicit pin HI in instance CPU_core_145 of sky130_fd_sc_hd__conb_1 in cell CPU_core
Note:  Implicit pin HI in instance CPU_core_146 of sky130_fd_sc_hd__conb_1 in cell CPU_core
Note:  Implicit pin HI in instance CPU_core_147 of sky130_fd_sc_hd__conb_1 in cell CPU_core
Note:  Implicit pin HI in instance CPU_core_148 of sky130_fd_sc_hd__conb_1 in cell CPU_core
Note:  Implicit pin HI in instance CPU_core_149 of sky130_fd_sc_hd__conb_1 in cell CPU_core
Note:  Implicit pin HI in instance CPU_core_150 of sky130_fd_sc_hd__conb_1 in cell CPU_core
Note:  Implicit pin HI in instance CPU_core_151 of sky130_fd_sc_hd__conb_1 in cell CPU_core
Note:  Implicit pin HI in instance CPU_core_152 of sky130_fd_sc_hd__conb_1 in cell CPU_core
Note:  Implicit pin HI in instance CPU_core_153 of sky130_fd_sc_hd__conb_1 in cell CPU_core
Note:  Implicit pin HI in instance CPU_core_154 of sky130_fd_sc_hd__conb_1 in cell CPU_core
Note:  Implicit pin HI in instance CPU_core_155 of sky130_fd_sc_hd__conb_1 in cell CPU_core
Note:  Implicit pin HI in instance CPU_core_156 of sky130_fd_sc_hd__conb_1 in cell CPU_core
Note:  Implicit pin HI in instance CPU_core_157 of sky130_fd_sc_hd__conb_1 in cell CPU_core
Note:  Implicit pin HI in instance CPU_core_158 of sky130_fd_sc_hd__conb_1 in cell CPU_core
Note:  Implicit pin HI in instance CPU_core_159 of sky130_fd_sc_hd__conb_1 in cell CPU_core
Note:  Implicit pin HI in instance CPU_core_160 of sky130_fd_sc_hd__conb_1 in cell CPU_core
Note:  Implicit pin HI in instance CPU_core_161 of sky130_fd_sc_hd__conb_1 in cell CPU_core
Note:  Implicit pin HI in instance CPU_core_162 of sky130_fd_sc_hd__conb_1 in cell CPU_core
Note:  Implicit pin HI in instance CPU_core_163 of sky130_fd_sc_hd__conb_1 in cell CPU_core
Note:  Implicit pin HI in instance CPU_core_164 of sky130_fd_sc_hd__conb_1 in cell CPU_core
Note:  Implicit pin HI in instance CPU_core_165 of sky130_fd_sc_hd__conb_1 in cell CPU_core
Note:  Implicit pin LO in instance CPU_core_167 of sky130_fd_sc_hd__conb_1 in cell CPU_core
Note:  Implicit pin LO in instance CPU_core_168 of sky130_fd_sc_hd__conb_1 in cell CPU_core
Creating placeholder cell definition for module sky130_fd_sc_hd__decap_8.
Creating placeholder cell definition for module sky130_fd_sc_hd__fill_1.
Creating placeholder cell definition for module sky130_ef_sc_hd__decap_12.
Creating placeholder cell definition for module sky130_fd_sc_hd__decap_3.
Creating placeholder cell definition for module sky130_fd_sc_hd__decap_6.
Creating placeholder cell definition for module sky130_fd_sc_hd__decap_4.
Creating placeholder cell definition for module sky130_fd_sc_hd__fill_2.
Creating placeholder cell definition for module sky130_fd_sc_hd__tapvpwrvgnd_1.
Creating placeholder cell definition for module sky130_fd_sc_hd__inv_2.
Creating placeholder cell definition for module sky130_fd_sc_hd__buf_1.
Creating placeholder cell definition for module sky130_fd_sc_hd__and2_1.
Creating placeholder cell definition for module sky130_fd_sc_hd__nor2_1.
Creating placeholder cell definition for module sky130_fd_sc_hd__o21ai_4.
Creating placeholder cell definition for module sky130_fd_sc_hd__or3b_1.
Creating placeholder cell definition for module sky130_fd_sc_hd__clkbuf_4.
Creating placeholder cell definition for module sky130_fd_sc_hd__mux2_1.
Creating placeholder cell definition for module sky130_fd_sc_hd__o21ai_1.
Creating placeholder cell definition for module sky130_fd_sc_hd__o21a_1.
Creating placeholder cell definition for module sky130_fd_sc_hd__nor4b_1.
Creating placeholder cell definition for module sky130_fd_sc_hd__nand2_2.
Creating placeholder cell definition for module sky130_fd_sc_hd__o21a_2.
Creating placeholder cell definition for module sky130_fd_sc_hd__a32o_1.
Creating placeholder cell definition for module sky130_fd_sc_hd__or4b_2.
Creating placeholder cell definition for module sky130_fd_sc_hd__o221a_1.
Creating placeholder cell definition for module sky130_fd_sc_hd__or2_1.
Creating placeholder cell definition for module sky130_fd_sc_hd__or2b_1.
Creating placeholder cell definition for module sky130_fd_sc_hd__a21oi_1.
Creating placeholder cell definition for module sky130_fd_sc_hd__or3_1.
Creating placeholder cell definition for module sky130_fd_sc_hd__a21o_1.
Creating placeholder cell definition for module sky130_fd_sc_hd__a31o_1.
Creating placeholder cell definition for module sky130_fd_sc_hd__a211o_1.
Creating placeholder cell definition for module sky130_fd_sc_hd__o211ai_1.
Creating placeholder cell definition for module sky130_fd_sc_hd__and3b_1.
Creating placeholder cell definition for module sky130_fd_sc_hd__buf_2.
Creating placeholder cell definition for module sky130_fd_sc_hd__nand2_1.
Creating placeholder cell definition for module sky130_fd_sc_hd__and3b_2.
Creating placeholder cell definition for module sky130_fd_sc_hd__a22o_1.
Creating placeholder cell definition for module sky130_fd_sc_hd__nand3_1.
Creating placeholder cell definition for module sky130_fd_sc_hd__and2b_1.
Creating placeholder cell definition for module sky130_fd_sc_hd__or4b_1.
Creating placeholder cell definition for module sky130_fd_sc_hd__and3_1.
Creating placeholder cell definition for module sky130_fd_sc_hd__xor2_1.
Creating placeholder cell definition for module sky130_fd_sc_hd__xnor2_1.
Creating placeholder cell definition for module sky130_fd_sc_hd__o211a_1.
Creating placeholder cell definition for module sky130_fd_sc_hd__o22a_1.
Creating placeholder cell definition for module sky130_fd_sc_hd__buf_4.
Creating placeholder cell definition for module sky130_fd_sc_hd__or2_2.
Creating placeholder cell definition for module sky130_fd_sc_hd__nor3_1.
Creating placeholder cell definition for module sky130_fd_sc_hd__nor3_2.
Creating placeholder cell definition for module sky130_fd_sc_hd__o31a_1.
Creating placeholder cell definition for module sky130_fd_sc_hd__o41a_2.
Creating placeholder cell definition for module sky130_fd_sc_hd__o311a_1.
Creating placeholder cell definition for module sky130_fd_sc_hd__or4_1.
Creating placeholder cell definition for module sky130_fd_sc_hd__o21ai_2.
Creating placeholder cell definition for module sky130_fd_sc_hd__xor2_2.
Creating placeholder cell definition for module sky130_fd_sc_hd__a21bo_1.
Creating placeholder cell definition for module sky130_fd_sc_hd__o21ba_1.
Creating placeholder cell definition for module sky130_fd_sc_hd__nand4_1.
Creating placeholder cell definition for module sky130_fd_sc_hd__a311oi_2.
Creating placeholder cell definition for module sky130_fd_sc_hd__a21boi_1.
Creating placeholder cell definition for module sky130_fd_sc_hd__and4bb_1.
Creating placeholder cell definition for module sky130_fd_sc_hd__xnor2_2.
Creating placeholder cell definition for module sky130_fd_sc_hd__dlymetal6s2s_1.
Creating placeholder cell definition for module sky130_fd_sc_hd__o32ai_4.
Creating placeholder cell definition for module sky130_fd_sc_hd__nor3b_2.
Creating placeholder cell definition for module sky130_fd_sc_hd__nand2b_1.
Creating placeholder cell definition for module sky130_fd_sc_hd__nor4_1.
Creating placeholder cell definition for module sky130_fd_sc_hd__a221oi_2.
Creating placeholder cell definition for module sky130_fd_sc_hd__nor2b_1.
Creating placeholder cell definition for module sky130_fd_sc_hd__o31ai_1.
Creating placeholder cell definition for module sky130_fd_sc_hd__nor3b_1.
Creating placeholder cell definition for module sky130_fd_sc_hd__a311o_1.
Creating placeholder cell definition for module sky130_fd_sc_hd__or4_4.
Creating placeholder cell definition for module sky130_fd_sc_hd__and4_1.
Creating placeholder cell definition for module sky130_fd_sc_hd__or3b_4.
Creating placeholder cell definition for module sky130_fd_sc_hd__nor2_4.
Creating placeholder cell definition for module sky130_fd_sc_hd__clkbuf_2.
Creating placeholder cell definition for module sky130_fd_sc_hd__dfxtp_2.
Creating placeholder cell definition for module sky130_fd_sc_hd__dfxtp_1.
Creating placeholder cell definition for module sky130_fd_sc_hd__dfxtp_4.
Creating placeholder cell definition for module sky130_fd_sc_hd__clkbuf_16.
Creating placeholder cell definition for module sky130_fd_sc_hd__clkbuf_8.
Creating placeholder cell definition for module sky130_fd_sc_hd__inv_8.
Creating placeholder cell definition for module sky130_fd_sc_hd__clkinvlp_4.
Creating placeholder cell definition for module sky130_fd_sc_hd__clkinv_4.
Creating placeholder cell definition for module sky130_fd_sc_hd__clkinv_8.
Creating placeholder cell definition for module sky130_fd_sc_hd__inv_12.
Creating placeholder cell definition for module sky130_fd_sc_hd__clkinvlp_2.
Creating placeholder cell definition for module sky130_fd_sc_hd__inv_6.
Creating placeholder cell definition for module sky130_fd_sc_hd__bufinv_16.
Creating placeholder cell definition for module sky130_fd_sc_hd__dlygate4sd3_1.
Creating placeholder cell definition for module sky130_fd_sc_hd__clkbuf_1.
Creating placeholder cell definition for module sky130_fd_sc_hd__buf_8.
Creating placeholder cell definition for module sky130_fd_sc_hd__buf_12.

Reading setup file /home/nguyen2604/.volare/sky130A/libs.tech/netgen/sky130A_setup.tcl

Comparison output logged to file /openlane/designs/CPU_core/runs/RUN_2025.08.02_06.14.47/logs/signoff/37-CPU_core.lef.lvs.log
Logging to file "/openlane/designs/CPU_core/runs/RUN_2025.08.02_06.14.47/logs/signoff/37-CPU_core.lef.lvs.log" enabled

Contents of circuit 1:  Circuit: 'sky130_ef_sc_hd__decap_12'
Circuit sky130_ef_sc_hd__decap_12 contains 0 device instances.
Circuit contains 0 nets, and 4 disconnected pins.
Contents of circuit 2:  Circuit: 'sky130_ef_sc_hd__decap_12'
Circuit sky130_ef_sc_hd__decap_12 contains 0 device instances.
Circuit contains 0 nets.

Circuit sky130_ef_sc_hd__decap_12 contains no devices.

Contents of circuit 1:  Circuit: 'sky130_fd_sc_hd__decap_6'
Circuit sky130_fd_sc_hd__decap_6 contains 0 device instances.
Circuit contains 0 nets, and 4 disconnected pins.
Contents of circuit 2:  Circuit: 'sky130_fd_sc_hd__decap_6'
Circuit sky130_fd_sc_hd__decap_6 contains 0 device instances.
Circuit contains 0 nets.

Circuit sky130_fd_sc_hd__decap_6 contains no devices.

Contents of circuit 1:  Circuit: 'sky130_fd_sc_hd__fill_1'
Circuit sky130_fd_sc_hd__fill_1 contains 0 device instances.
Circuit contains 0 nets, and 4 disconnected pins.
Contents of circuit 2:  Circuit: 'sky130_fd_sc_hd__fill_1'
Circuit sky130_fd_sc_hd__fill_1 contains 0 device instances.
Circuit contains 0 nets.

Circuit sky130_fd_sc_hd__fill_1 contains no devices.

Contents of circuit 1:  Circuit: 'sky130_fd_sc_hd__decap_3'
Circuit sky130_fd_sc_hd__decap_3 contains 0 device instances.
Circuit contains 0 nets, and 4 disconnected pins.
Contents of circuit 2:  Circuit: 'sky130_fd_sc_hd__decap_3'
Circuit sky130_fd_sc_hd__decap_3 contains 0 device instances.
Circuit contains 0 nets.

Circuit sky130_fd_sc_hd__decap_3 contains no devices.

Contents of circuit 1:  Circuit: 'sky130_fd_sc_hd__tapvpwrvgnd_1'
Circuit sky130_fd_sc_hd__tapvpwrvgnd_1 contains 0 device instances.
Circuit contains 0 nets, and 2 disconnected pins.
Contents of circuit 2:  Circuit: 'sky130_fd_sc_hd__tapvpwrvgnd_1'
Circuit sky130_fd_sc_hd__tapvpwrvgnd_1 contains 0 device instances.
Circuit contains 0 nets.

Circuit sky130_fd_sc_hd__tapvpwrvgnd_1 contains no devices.

Contents of circuit 1:  Circuit: 'sky130_fd_sc_hd__dlygate4sd3_1'
Circuit sky130_fd_sc_hd__dlygate4sd3_1 contains 0 device instances.
Circuit contains 0 nets, and 6 disconnected pins.
Contents of circuit 2:  Circuit: 'sky130_fd_sc_hd__dlygate4sd3_1'
Circuit sky130_fd_sc_hd__dlygate4sd3_1 contains 0 device instances.
Circuit contains 0 nets.

Circuit sky130_fd_sc_hd__dlygate4sd3_1 contains no devices.

Contents of circuit 1:  Circuit: 'sky130_fd_sc_hd__decap_4'
Circuit sky130_fd_sc_hd__decap_4 contains 0 device instances.
Circuit contains 0 nets, and 4 disconnected pins.
Contents of circuit 2:  Circuit: 'sky130_fd_sc_hd__decap_4'
Circuit sky130_fd_sc_hd__decap_4 contains 0 device instances.
Circuit contains 0 nets.

Circuit sky130_fd_sc_hd__decap_4 contains no devices.

Contents of circuit 1:  Circuit: 'sky130_fd_sc_hd__fill_2'
Circuit sky130_fd_sc_hd__fill_2 contains 0 device instances.
Circuit contains 0 nets, and 4 disconnected pins.
Contents of circuit 2:  Circuit: 'sky130_fd_sc_hd__fill_2'
Circuit sky130_fd_sc_hd__fill_2 contains 0 device instances.
Circuit contains 0 nets.

Circuit sky130_fd_sc_hd__fill_2 contains no devices.

Contents of circuit 1:  Circuit: 'sky130_fd_sc_hd__xnor2_1'
Circuit sky130_fd_sc_hd__xnor2_1 contains 0 device instances.
Circuit contains 0 nets, and 7 disconnected pins.
Contents of circuit 2:  Circuit: 'sky130_fd_sc_hd__xnor2_1'
Circuit sky130_fd_sc_hd__xnor2_1 contains 0 device instances.
Circuit contains 0 nets.

Circuit sky130_fd_sc_hd__xnor2_1 contains no devices.

Contents of circuit 1:  Circuit: 'sky130_fd_sc_hd__decap_8'
Circuit sky130_fd_sc_hd__decap_8 contains 0 device instances.
Circuit contains 0 nets, and 4 disconnected pins.
Contents of circuit 2:  Circuit: 'sky130_fd_sc_hd__decap_8'
Circuit sky130_fd_sc_hd__decap_8 contains 0 device instances.
Circuit contains 0 nets.

Circuit sky130_fd_sc_hd__decap_8 contains no devices.

Contents of circuit 1:  Circuit: 'sky130_fd_sc_hd__inv_2'
Circuit sky130_fd_sc_hd__inv_2 contains 0 device instances.
Circuit contains 0 nets, and 6 disconnected pins.
Contents of circuit 2:  Circuit: 'sky130_fd_sc_hd__inv_2'
Circuit sky130_fd_sc_hd__inv_2 contains 0 device instances.
Circuit contains 0 nets.

Circuit sky130_fd_sc_hd__inv_2 contains no devices.

Contents of circuit 1:  Circuit: 'sky130_fd_sc_hd__conb_1'
Circuit sky130_fd_sc_hd__conb_1 contains 0 device instances.
Circuit contains 0 nets, and 6 disconnected pins.
Contents of circuit 2:  Circuit: 'sky130_fd_sc_hd__conb_1'
Circuit sky130_fd_sc_hd__conb_1 contains 0 device instances.
Circuit contains 0 nets.

Circuit sky130_fd_sc_hd__conb_1 contains no devices.

Contents of circuit 1:  Circuit: 'sky130_fd_sc_hd__a22o_1'
Circuit sky130_fd_sc_hd__a22o_1 contains 0 device instances.
Circuit contains 0 nets, and 9 disconnected pins.
Contents of circuit 2:  Circuit: 'sky130_fd_sc_hd__a22o_1'
Circuit sky130_fd_sc_hd__a22o_1 contains 0 device instances.
Circuit contains 0 nets.

Circuit sky130_fd_sc_hd__a22o_1 contains no devices.

Contents of circuit 1:  Circuit: 'sky130_fd_sc_hd__and2_1'
Circuit sky130_fd_sc_hd__and2_1 contains 0 device instances.
Circuit contains 0 nets, and 7 disconnected pins.
Contents of circuit 2:  Circuit: 'sky130_fd_sc_hd__and2_1'
Circuit sky130_fd_sc_hd__and2_1 contains 0 device instances.
Circuit contains 0 nets.

Circuit sky130_fd_sc_hd__and2_1 contains no devices.

Contents of circuit 1:  Circuit: 'sky130_fd_sc_hd__o21a_1'
Circuit sky130_fd_sc_hd__o21a_1 contains 0 device instances.
Circuit contains 0 nets, and 8 disconnected pins.
Contents of circuit 2:  Circuit: 'sky130_fd_sc_hd__o21a_1'
Circuit sky130_fd_sc_hd__o21a_1 contains 0 device instances.
Circuit contains 0 nets.

Circuit sky130_fd_sc_hd__o21a_1 contains no devices.

Contents of circuit 1:  Circuit: 'sky130_fd_sc_hd__nand2_1'
Circuit sky130_fd_sc_hd__nand2_1 contains 0 device instances.
Circuit contains 0 nets, and 7 disconnected pins.
Contents of circuit 2:  Circuit: 'sky130_fd_sc_hd__nand2_1'
Circuit sky130_fd_sc_hd__nand2_1 contains 0 device instances.
Circuit contains 0 nets.

Circuit sky130_fd_sc_hd__nand2_1 contains no devices.

Contents of circuit 1:  Circuit: 'sky130_fd_sc_hd__mux2_1'
Circuit sky130_fd_sc_hd__mux2_1 contains 0 device instances.
Circuit contains 0 nets, and 8 disconnected pins.
Contents of circuit 2:  Circuit: 'sky130_fd_sc_hd__mux2_1'
Circuit sky130_fd_sc_hd__mux2_1 contains 0 device instances.
Circuit contains 0 nets.

Circuit sky130_fd_sc_hd__mux2_1 contains no devices.

Contents of circuit 1:  Circuit: 'sky130_fd_sc_hd__a21oi_1'
Circuit sky130_fd_sc_hd__a21oi_1 contains 0 device instances.
Circuit contains 0 nets, and 8 disconnected pins.
Contents of circuit 2:  Circuit: 'sky130_fd_sc_hd__a21oi_1'
Circuit sky130_fd_sc_hd__a21oi_1 contains 0 device instances.
Circuit contains 0 nets.

Circuit sky130_fd_sc_hd__a21oi_1 contains no devices.

Contents of circuit 1:  Circuit: 'sky130_fd_sc_hd__dfxtp_1'
Circuit sky130_fd_sc_hd__dfxtp_1 contains 0 device instances.
Circuit contains 0 nets, and 7 disconnected pins.
Contents of circuit 2:  Circuit: 'sky130_fd_sc_hd__dfxtp_1'
Circuit sky130_fd_sc_hd__dfxtp_1 contains 0 device instances.
Circuit contains 0 nets.

Circuit sky130_fd_sc_hd__dfxtp_1 contains no devices.

Contents of circuit 1:  Circuit: 'sky130_fd_sc_hd__a211o_1'
Circuit sky130_fd_sc_hd__a211o_1 contains 0 device instances.
Circuit contains 0 nets, and 9 disconnected pins.
Contents of circuit 2:  Circuit: 'sky130_fd_sc_hd__a211o_1'
Circuit sky130_fd_sc_hd__a211o_1 contains 0 device instances.
Circuit contains 0 nets.

Circuit sky130_fd_sc_hd__a211o_1 contains no devices.

Contents of circuit 1:  Circuit: 'sky130_fd_sc_hd__o31a_1'
Circuit sky130_fd_sc_hd__o31a_1 contains 0 device instances.
Circuit contains 0 nets, and 9 disconnected pins.
Contents of circuit 2:  Circuit: 'sky130_fd_sc_hd__o31a_1'
Circuit sky130_fd_sc_hd__o31a_1 contains 0 device instances.
Circuit contains 0 nets.

Circuit sky130_fd_sc_hd__o31a_1 contains no devices.

Contents of circuit 1:  Circuit: 'sky130_fd_sc_hd__clkbuf_4'
Circuit sky130_fd_sc_hd__clkbuf_4 contains 0 device instances.
Circuit contains 0 nets, and 6 disconnected pins.
Contents of circuit 2:  Circuit: 'sky130_fd_sc_hd__clkbuf_4'
Circuit sky130_fd_sc_hd__clkbuf_4 contains 0 device instances.
Circuit contains 0 nets.

Circuit sky130_fd_sc_hd__clkbuf_4 contains no devices.

Contents of circuit 1:  Circuit: 'sky130_fd_sc_hd__and3_1'
Circuit sky130_fd_sc_hd__and3_1 contains 0 device instances.
Circuit contains 0 nets, and 8 disconnected pins.
Contents of circuit 2:  Circuit: 'sky130_fd_sc_hd__and3_1'
Circuit sky130_fd_sc_hd__and3_1 contains 0 device instances.
Circuit contains 0 nets.

Circuit sky130_fd_sc_hd__and3_1 contains no devices.

Contents of circuit 1:  Circuit: 'sky130_fd_sc_hd__dfxtp_2'
Circuit sky130_fd_sc_hd__dfxtp_2 contains 0 device instances.
Circuit contains 0 nets, and 7 disconnected pins.
Contents of circuit 2:  Circuit: 'sky130_fd_sc_hd__dfxtp_2'
Circuit sky130_fd_sc_hd__dfxtp_2 contains 0 device instances.
Circuit contains 0 nets.

Circuit sky130_fd_sc_hd__dfxtp_2 contains no devices.

Contents of circuit 1:  Circuit: 'sky130_fd_sc_hd__buf_8'
Circuit sky130_fd_sc_hd__buf_8 contains 0 device instances.
Circuit contains 0 nets, and 6 disconnected pins.
Contents of circuit 2:  Circuit: 'sky130_fd_sc_hd__buf_8'
Circuit sky130_fd_sc_hd__buf_8 contains 0 device instances.
Circuit contains 0 nets.

Circuit sky130_fd_sc_hd__buf_8 contains no devices.

Contents of circuit 1:  Circuit: 'sky130_fd_sc_hd__buf_12'
Circuit sky130_fd_sc_hd__buf_12 contains 0 device instances.
Circuit contains 0 nets, and 6 disconnected pins.
Contents of circuit 2:  Circuit: 'sky130_fd_sc_hd__buf_12'
Circuit sky130_fd_sc_hd__buf_12 contains 0 device instances.
Circuit contains 0 nets.

Circuit sky130_fd_sc_hd__buf_12 contains no devices.

Contents of circuit 1:  Circuit: 'sky130_fd_sc_hd__nor2_1'
Circuit sky130_fd_sc_hd__nor2_1 contains 0 device instances.
Circuit contains 0 nets, and 7 disconnected pins.
Contents of circuit 2:  Circuit: 'sky130_fd_sc_hd__nor2_1'
Circuit sky130_fd_sc_hd__nor2_1 contains 0 device instances.
Circuit contains 0 nets.

Circuit sky130_fd_sc_hd__nor2_1 contains no devices.

Contents of circuit 1:  Circuit: 'sky130_fd_sc_hd__nor3_1'
Circuit sky130_fd_sc_hd__nor3_1 contains 0 device instances.
Circuit contains 0 nets, and 8 disconnected pins.
Contents of circuit 2:  Circuit: 'sky130_fd_sc_hd__nor3_1'
Circuit sky130_fd_sc_hd__nor3_1 contains 0 device instances.
Circuit contains 0 nets.

Circuit sky130_fd_sc_hd__nor3_1 contains no devices.

Contents of circuit 1:  Circuit: 'sky130_fd_sc_hd__or2_1'
Circuit sky130_fd_sc_hd__or2_1 contains 0 device instances.
Circuit contains 0 nets, and 7 disconnected pins.
Contents of circuit 2:  Circuit: 'sky130_fd_sc_hd__or2_1'
Circuit sky130_fd_sc_hd__or2_1 contains 0 device instances.
Circuit contains 0 nets.

Circuit sky130_fd_sc_hd__or2_1 contains no devices.

Contents of circuit 1:  Circuit: 'sky130_fd_sc_hd__buf_1'
Circuit sky130_fd_sc_hd__buf_1 contains 0 device instances.
Circuit contains 0 nets, and 6 disconnected pins.
Contents of circuit 2:  Circuit: 'sky130_fd_sc_hd__buf_1'
Circuit sky130_fd_sc_hd__buf_1 contains 0 device instances.
Circuit contains 0 nets.

Circuit sky130_fd_sc_hd__buf_1 contains no devices.

Contents of circuit 1:  Circuit: 'sky130_fd_sc_hd__nor3b_2'
Circuit sky130_fd_sc_hd__nor3b_2 contains 0 device instances.
Circuit contains 0 nets, and 8 disconnected pins.
Contents of circuit 2:  Circuit: 'sky130_fd_sc_hd__nor3b_2'
Circuit sky130_fd_sc_hd__nor3b_2 contains 0 device instances.
Circuit contains 0 nets.

Circuit sky130_fd_sc_hd__nor3b_2 contains no devices.

Contents of circuit 1:  Circuit: 'sky130_fd_sc_hd__and4bb_1'
Circuit sky130_fd_sc_hd__and4bb_1 contains 0 device instances.
Circuit contains 0 nets, and 9 disconnected pins.
Contents of circuit 2:  Circuit: 'sky130_fd_sc_hd__and4bb_1'
Circuit sky130_fd_sc_hd__and4bb_1 contains 0 device instances.
Circuit contains 0 nets.

Circuit sky130_fd_sc_hd__and4bb_1 contains no devices.

Contents of circuit 1:  Circuit: 'sky130_fd_sc_hd__and3b_1'
Circuit sky130_fd_sc_hd__and3b_1 contains 0 device instances.
Circuit contains 0 nets, and 8 disconnected pins.
Contents of circuit 2:  Circuit: 'sky130_fd_sc_hd__and3b_1'
Circuit sky130_fd_sc_hd__and3b_1 contains 0 device instances.
Circuit contains 0 nets.

Circuit sky130_fd_sc_hd__and3b_1 contains no devices.

Contents of circuit 1:  Circuit: 'sky130_fd_sc_hd__o211a_1'
Circuit sky130_fd_sc_hd__o211a_1 contains 0 device instances.
Circuit contains 0 nets, and 9 disconnected pins.
Contents of circuit 2:  Circuit: 'sky130_fd_sc_hd__o211a_1'
Circuit sky130_fd_sc_hd__o211a_1 contains 0 device instances.
Circuit contains 0 nets.

Circuit sky130_fd_sc_hd__o211a_1 contains no devices.

Contents of circuit 1:  Circuit: 'sky130_fd_sc_hd__o21ai_1'
Circuit sky130_fd_sc_hd__o21ai_1 contains 0 device instances.
Circuit contains 0 nets, and 8 disconnected pins.
Contents of circuit 2:  Circuit: 'sky130_fd_sc_hd__o21ai_1'
Circuit sky130_fd_sc_hd__o21ai_1 contains 0 device instances.
Circuit contains 0 nets.

Circuit sky130_fd_sc_hd__o21ai_1 contains no devices.

Contents of circuit 1:  Circuit: 'sky130_fd_sc_hd__nor2_4'
Circuit sky130_fd_sc_hd__nor2_4 contains 0 device instances.
Circuit contains 0 nets, and 7 disconnected pins.
Contents of circuit 2:  Circuit: 'sky130_fd_sc_hd__nor2_4'
Circuit sky130_fd_sc_hd__nor2_4 contains 0 device instances.
Circuit contains 0 nets.

Circuit sky130_fd_sc_hd__nor2_4 contains no devices.

Contents of circuit 1:  Circuit: 'sky130_fd_sc_hd__buf_2'
Circuit sky130_fd_sc_hd__buf_2 contains 0 device instances.
Circuit contains 0 nets, and 6 disconnected pins.
Contents of circuit 2:  Circuit: 'sky130_fd_sc_hd__buf_2'
Circuit sky130_fd_sc_hd__buf_2 contains 0 device instances.
Circuit contains 0 nets.

Circuit sky130_fd_sc_hd__buf_2 contains no devices.

Contents of circuit 1:  Circuit: 'sky130_fd_sc_hd__or4b_2'
Circuit sky130_fd_sc_hd__or4b_2 contains 0 device instances.
Circuit contains 0 nets, and 9 disconnected pins.
Contents of circuit 2:  Circuit: 'sky130_fd_sc_hd__or4b_2'
Circuit sky130_fd_sc_hd__or4b_2 contains 0 device instances.
Circuit contains 0 nets.

Circuit sky130_fd_sc_hd__or4b_2 contains no devices.

Contents of circuit 1:  Circuit: 'sky130_fd_sc_hd__a31o_1'
Circuit sky130_fd_sc_hd__a31o_1 contains 0 device instances.
Circuit contains 0 nets, and 9 disconnected pins.
Contents of circuit 2:  Circuit: 'sky130_fd_sc_hd__a31o_1'
Circuit sky130_fd_sc_hd__a31o_1 contains 0 device instances.
Circuit contains 0 nets.

Circuit sky130_fd_sc_hd__a31o_1 contains no devices.

Contents of circuit 1:  Circuit: 'sky130_fd_sc_hd__nand4_1'
Circuit sky130_fd_sc_hd__nand4_1 contains 0 device instances.
Circuit contains 0 nets, and 9 disconnected pins.
Contents of circuit 2:  Circuit: 'sky130_fd_sc_hd__nand4_1'
Circuit sky130_fd_sc_hd__nand4_1 contains 0 device instances.
Circuit contains 0 nets.

Circuit sky130_fd_sc_hd__nand4_1 contains no devices.

Contents of circuit 1:  Circuit: 'sky130_fd_sc_hd__and2b_1'
Circuit sky130_fd_sc_hd__and2b_1 contains 0 device instances.
Circuit contains 0 nets, and 7 disconnected pins.
Contents of circuit 2:  Circuit: 'sky130_fd_sc_hd__and2b_1'
Circuit sky130_fd_sc_hd__and2b_1 contains 0 device instances.
Circuit contains 0 nets.

Circuit sky130_fd_sc_hd__and2b_1 contains no devices.

Contents of circuit 1:  Circuit: 'sky130_fd_sc_hd__or3_1'
Circuit sky130_fd_sc_hd__or3_1 contains 0 device instances.
Circuit contains 0 nets, and 8 disconnected pins.
Contents of circuit 2:  Circuit: 'sky130_fd_sc_hd__or3_1'
Circuit sky130_fd_sc_hd__or3_1 contains 0 device instances.
Circuit contains 0 nets.

Circuit sky130_fd_sc_hd__or3_1 contains no devices.

Contents of circuit 1:  Circuit: 'sky130_fd_sc_hd__dfxtp_4'
Circuit sky130_fd_sc_hd__dfxtp_4 contains 0 device instances.
Circuit contains 0 nets, and 7 disconnected pins.
Contents of circuit 2:  Circuit: 'sky130_fd_sc_hd__dfxtp_4'
Circuit sky130_fd_sc_hd__dfxtp_4 contains 0 device instances.
Circuit contains 0 nets.

Circuit sky130_fd_sc_hd__dfxtp_4 contains no devices.

Contents of circuit 1:  Circuit: 'sky130_fd_sc_hd__nor3b_1'
Circuit sky130_fd_sc_hd__nor3b_1 contains 0 device instances.
Circuit contains 0 nets, and 8 disconnected pins.
Contents of circuit 2:  Circuit: 'sky130_fd_sc_hd__nor3b_1'
Circuit sky130_fd_sc_hd__nor3b_1 contains 0 device instances.
Circuit contains 0 nets.

Circuit sky130_fd_sc_hd__nor3b_1 contains no devices.

Contents of circuit 1:  Circuit: 'sky130_fd_sc_hd__a32o_1'
Circuit sky130_fd_sc_hd__a32o_1 contains 0 device instances.
Circuit contains 0 nets, and 10 disconnected pins.
Contents of circuit 2:  Circuit: 'sky130_fd_sc_hd__a32o_1'
Circuit sky130_fd_sc_hd__a32o_1 contains 0 device instances.
Circuit contains 0 nets.

Circuit sky130_fd_sc_hd__a32o_1 contains no devices.

Contents of circuit 1:  Circuit: 'sky130_fd_sc_hd__buf_4'
Circuit sky130_fd_sc_hd__buf_4 contains 0 device instances.
Circuit contains 0 nets, and 6 disconnected pins.
Contents of circuit 2:  Circuit: 'sky130_fd_sc_hd__buf_4'
Circuit sky130_fd_sc_hd__buf_4 contains 0 device instances.
Circuit contains 0 nets.

Circuit sky130_fd_sc_hd__buf_4 contains no devices.

Contents of circuit 1:  Circuit: 'sky130_fd_sc_hd__or4_4'
Circuit sky130_fd_sc_hd__or4_4 contains 0 device instances.
Circuit contains 0 nets, and 9 disconnected pins.
Contents of circuit 2:  Circuit: 'sky130_fd_sc_hd__or4_4'
Circuit sky130_fd_sc_hd__or4_4 contains 0 device instances.
Circuit contains 0 nets.

Circuit sky130_fd_sc_hd__or4_4 contains no devices.

Contents of circuit 1:  Circuit: 'sky130_fd_sc_hd__clkbuf_8'
Circuit sky130_fd_sc_hd__clkbuf_8 contains 0 device instances.
Circuit contains 0 nets, and 6 disconnected pins.
Contents of circuit 2:  Circuit: 'sky130_fd_sc_hd__clkbuf_8'
Circuit sky130_fd_sc_hd__clkbuf_8 contains 0 device instances.
Circuit contains 0 nets.

Circuit sky130_fd_sc_hd__clkbuf_8 contains no devices.

Contents of circuit 1:  Circuit: 'sky130_fd_sc_hd__nor4b_1'
Circuit sky130_fd_sc_hd__nor4b_1 contains 0 device instances.
Circuit contains 0 nets, and 9 disconnected pins.
Contents of circuit 2:  Circuit: 'sky130_fd_sc_hd__nor4b_1'
Circuit sky130_fd_sc_hd__nor4b_1 contains 0 device instances.
Circuit contains 0 nets.

Circuit sky130_fd_sc_hd__nor4b_1 contains no devices.

Contents of circuit 1:  Circuit: 'sky130_fd_sc_hd__or2b_1'
Circuit sky130_fd_sc_hd__or2b_1 contains 0 device instances.
Circuit contains 0 nets, and 7 disconnected pins.
Contents of circuit 2:  Circuit: 'sky130_fd_sc_hd__or2b_1'
Circuit sky130_fd_sc_hd__or2b_1 contains 0 device instances.
Circuit contains 0 nets.

Circuit sky130_fd_sc_hd__or2b_1 contains no devices.

Contents of circuit 1:  Circuit: 'sky130_fd_sc_hd__nand3_1'
Circuit sky130_fd_sc_hd__nand3_1 contains 0 device instances.
Circuit contains 0 nets, and 8 disconnected pins.
Contents of circuit 2:  Circuit: 'sky130_fd_sc_hd__nand3_1'
Circuit sky130_fd_sc_hd__nand3_1 contains 0 device instances.
Circuit contains 0 nets.

Circuit sky130_fd_sc_hd__nand3_1 contains no devices.

Contents of circuit 1:  Circuit: 'sky130_fd_sc_hd__inv_8'
Circuit sky130_fd_sc_hd__inv_8 contains 0 device instances.
Circuit contains 0 nets, and 6 disconnected pins.
Contents of circuit 2:  Circuit: 'sky130_fd_sc_hd__inv_8'
Circuit sky130_fd_sc_hd__inv_8 contains 0 device instances.
Circuit contains 0 nets.

Circuit sky130_fd_sc_hd__inv_8 contains no devices.

Contents of circuit 1:  Circuit: 'sky130_fd_sc_hd__or4_1'
Circuit sky130_fd_sc_hd__or4_1 contains 0 device instances.
Circuit contains 0 nets, and 9 disconnected pins.
Contents of circuit 2:  Circuit: 'sky130_fd_sc_hd__or4_1'
Circuit sky130_fd_sc_hd__or4_1 contains 0 device instances.
Circuit contains 0 nets.

Circuit sky130_fd_sc_hd__or4_1 contains no devices.

Contents of circuit 1:  Circuit: 'sky130_fd_sc_hd__o21a_2'
Circuit sky130_fd_sc_hd__o21a_2 contains 0 device instances.
Circuit contains 0 nets, and 8 disconnected pins.
Contents of circuit 2:  Circuit: 'sky130_fd_sc_hd__o21a_2'
Circuit sky130_fd_sc_hd__o21a_2 contains 0 device instances.
Circuit contains 0 nets.

Circuit sky130_fd_sc_hd__o21a_2 contains no devices.

Contents of circuit 1:  Circuit: 'sky130_fd_sc_hd__a21o_1'
Circuit sky130_fd_sc_hd__a21o_1 contains 0 device instances.
Circuit contains 0 nets, and 8 disconnected pins.
Contents of circuit 2:  Circuit: 'sky130_fd_sc_hd__a21o_1'
Circuit sky130_fd_sc_hd__a21o_1 contains 0 device instances.
Circuit contains 0 nets.

Circuit sky130_fd_sc_hd__a21o_1 contains no devices.

Contents of circuit 1:  Circuit: 'sky130_fd_sc_hd__clkinvlp_4'
Circuit sky130_fd_sc_hd__clkinvlp_4 contains 0 device instances.
Circuit contains 0 nets, and 6 disconnected pins.
Contents of circuit 2:  Circuit: 'sky130_fd_sc_hd__clkinvlp_4'
Circuit sky130_fd_sc_hd__clkinvlp_4 contains 0 device instances.
Circuit contains 0 nets.

Circuit sky130_fd_sc_hd__clkinvlp_4 contains no devices.

Contents of circuit 1:  Circuit: 'sky130_fd_sc_hd__nand2_2'
Circuit sky130_fd_sc_hd__nand2_2 contains 0 device instances.
Circuit contains 0 nets, and 7 disconnected pins.
Contents of circuit 2:  Circuit: 'sky130_fd_sc_hd__nand2_2'
Circuit sky130_fd_sc_hd__nand2_2 contains 0 device instances.
Circuit contains 0 nets.

Circuit sky130_fd_sc_hd__nand2_2 contains no devices.

Contents of circuit 1:  Circuit: 'sky130_fd_sc_hd__clkinv_8'
Circuit sky130_fd_sc_hd__clkinv_8 contains 0 device instances.
Circuit contains 0 nets, and 6 disconnected pins.
Contents of circuit 2:  Circuit: 'sky130_fd_sc_hd__clkinv_8'
Circuit sky130_fd_sc_hd__clkinv_8 contains 0 device instances.
Circuit contains 0 nets.

Circuit sky130_fd_sc_hd__clkinv_8 contains no devices.

Contents of circuit 1:  Circuit: 'sky130_fd_sc_hd__xor2_1'
Circuit sky130_fd_sc_hd__xor2_1 contains 0 device instances.
Circuit contains 0 nets, and 7 disconnected pins.
Contents of circuit 2:  Circuit: 'sky130_fd_sc_hd__xor2_1'
Circuit sky130_fd_sc_hd__xor2_1 contains 0 device instances.
Circuit contains 0 nets.

Circuit sky130_fd_sc_hd__xor2_1 contains no devices.

Contents of circuit 1:  Circuit: 'sky130_fd_sc_hd__clkbuf_2'
Circuit sky130_fd_sc_hd__clkbuf_2 contains 0 device instances.
Circuit contains 0 nets, and 6 disconnected pins.
Contents of circuit 2:  Circuit: 'sky130_fd_sc_hd__clkbuf_2'
Circuit sky130_fd_sc_hd__clkbuf_2 contains 0 device instances.
Circuit contains 0 nets.

Circuit sky130_fd_sc_hd__clkbuf_2 contains no devices.

Contents of circuit 1:  Circuit: 'sky130_fd_sc_hd__o21ba_1'
Circuit sky130_fd_sc_hd__o21ba_1 contains 0 device instances.
Circuit contains 0 nets, and 8 disconnected pins.
Contents of circuit 2:  Circuit: 'sky130_fd_sc_hd__o21ba_1'
Circuit sky130_fd_sc_hd__o21ba_1 contains 0 device instances.
Circuit contains 0 nets.

Circuit sky130_fd_sc_hd__o21ba_1 contains no devices.

Contents of circuit 1:  Circuit: 'sky130_fd_sc_hd__inv_12'
Circuit sky130_fd_sc_hd__inv_12 contains 0 device instances.
Circuit contains 0 nets, and 6 disconnected pins.
Contents of circuit 2:  Circuit: 'sky130_fd_sc_hd__inv_12'
Circuit sky130_fd_sc_hd__inv_12 contains 0 device instances.
Circuit contains 0 nets.

Circuit sky130_fd_sc_hd__inv_12 contains no devices.

Contents of circuit 1:  Circuit: 'sky130_fd_sc_hd__clkbuf_16'
Circuit sky130_fd_sc_hd__clkbuf_16 contains 0 device instances.
Circuit contains 0 nets, and 6 disconnected pins.
Contents of circuit 2:  Circuit: 'sky130_fd_sc_hd__clkbuf_16'
Circuit sky130_fd_sc_hd__clkbuf_16 contains 0 device instances.
Circuit contains 0 nets.

Circuit sky130_fd_sc_hd__clkbuf_16 contains no devices.

Contents of circuit 1:  Circuit: 'sky130_fd_sc_hd__clkinv_4'
Circuit sky130_fd_sc_hd__clkinv_4 contains 0 device instances.
Circuit contains 0 nets, and 6 disconnected pins.
Contents of circuit 2:  Circuit: 'sky130_fd_sc_hd__clkinv_4'
Circuit sky130_fd_sc_hd__clkinv_4 contains 0 device instances.
Circuit contains 0 nets.

Circuit sky130_fd_sc_hd__clkinv_4 contains no devices.

Contents of circuit 1:  Circuit: 'sky130_fd_sc_hd__nor2b_1'
Circuit sky130_fd_sc_hd__nor2b_1 contains 0 device instances.
Circuit contains 0 nets, and 7 disconnected pins.
Contents of circuit 2:  Circuit: 'sky130_fd_sc_hd__nor2b_1'
Circuit sky130_fd_sc_hd__nor2b_1 contains 0 device instances.
Circuit contains 0 nets.

Circuit sky130_fd_sc_hd__nor2b_1 contains no devices.

Contents of circuit 1:  Circuit: 'sky130_fd_sc_hd__clkinvlp_2'
Circuit sky130_fd_sc_hd__clkinvlp_2 contains 0 device instances.
Circuit contains 0 nets, and 6 disconnected pins.
Contents of circuit 2:  Circuit: 'sky130_fd_sc_hd__clkinvlp_2'
Circuit sky130_fd_sc_hd__clkinvlp_2 contains 0 device instances.
Circuit contains 0 nets.

Circuit sky130_fd_sc_hd__clkinvlp_2 contains no devices.

Contents of circuit 1:  Circuit: 'sky130_fd_sc_hd__a311o_1'
Circuit sky130_fd_sc_hd__a311o_1 contains 0 device instances.
Circuit contains 0 nets, and 10 disconnected pins.
Contents of circuit 2:  Circuit: 'sky130_fd_sc_hd__a311o_1'
Circuit sky130_fd_sc_hd__a311o_1 contains 0 device instances.
Circuit contains 0 nets.

Circuit sky130_fd_sc_hd__a311o_1 contains no devices.

Contents of circuit 1:  Circuit: 'sky130_fd_sc_hd__inv_6'
Circuit sky130_fd_sc_hd__inv_6 contains 0 device instances.
Circuit contains 0 nets, and 6 disconnected pins.
Contents of circuit 2:  Circuit: 'sky130_fd_sc_hd__inv_6'
Circuit sky130_fd_sc_hd__inv_6 contains 0 device instances.
Circuit contains 0 nets.

Circuit sky130_fd_sc_hd__inv_6 contains no devices.

Contents of circuit 1:  Circuit: 'sky130_fd_sc_hd__or4b_1'
Circuit sky130_fd_sc_hd__or4b_1 contains 0 device instances.
Circuit contains 0 nets, and 9 disconnected pins.
Contents of circuit 2:  Circuit: 'sky130_fd_sc_hd__or4b_1'
Circuit sky130_fd_sc_hd__or4b_1 contains 0 device instances.
Circuit contains 0 nets.

Circuit sky130_fd_sc_hd__or4b_1 contains no devices.

Contents of circuit 1:  Circuit: 'sky130_fd_sc_hd__a21boi_1'
Circuit sky130_fd_sc_hd__a21boi_1 contains 0 device instances.
Circuit contains 0 nets, and 8 disconnected pins.
Contents of circuit 2:  Circuit: 'sky130_fd_sc_hd__a21boi_1'
Circuit sky130_fd_sc_hd__a21boi_1 contains 0 device instances.
Circuit contains 0 nets.

Circuit sky130_fd_sc_hd__a21boi_1 contains no devices.

Contents of circuit 1:  Circuit: 'sky130_fd_sc_hd__o21ai_2'
Circuit sky130_fd_sc_hd__o21ai_2 contains 0 device instances.
Circuit contains 0 nets, and 8 disconnected pins.
Contents of circuit 2:  Circuit: 'sky130_fd_sc_hd__o21ai_2'
Circuit sky130_fd_sc_hd__o21ai_2 contains 0 device instances.
Circuit contains 0 nets.

Circuit sky130_fd_sc_hd__o21ai_2 contains no devices.

Contents of circuit 1:  Circuit: 'sky130_fd_sc_hd__o22a_1'
Circuit sky130_fd_sc_hd__o22a_1 contains 0 device instances.
Circuit contains 0 nets, and 9 disconnected pins.
Contents of circuit 2:  Circuit: 'sky130_fd_sc_hd__o22a_1'
Circuit sky130_fd_sc_hd__o22a_1 contains 0 device instances.
Circuit contains 0 nets.

Circuit sky130_fd_sc_hd__o22a_1 contains no devices.

Contents of circuit 1:  Circuit: 'sky130_fd_sc_hd__and4_1'
Circuit sky130_fd_sc_hd__and4_1 contains 0 device instances.
Circuit contains 0 nets, and 9 disconnected pins.
Contents of circuit 2:  Circuit: 'sky130_fd_sc_hd__and4_1'
Circuit sky130_fd_sc_hd__and4_1 contains 0 device instances.
Circuit contains 0 nets.

Circuit sky130_fd_sc_hd__and4_1 contains no devices.

Contents of circuit 1:  Circuit: 'sky130_fd_sc_hd__bufinv_16'
Circuit sky130_fd_sc_hd__bufinv_16 contains 0 device instances.
Circuit contains 0 nets, and 6 disconnected pins.
Contents of circuit 2:  Circuit: 'sky130_fd_sc_hd__bufinv_16'
Circuit sky130_fd_sc_hd__bufinv_16 contains 0 device instances.
Circuit contains 0 nets.

Circuit sky130_fd_sc_hd__bufinv_16 contains no devices.

Contents of circuit 1:  Circuit: 'sky130_fd_sc_hd__xnor2_2'
Circuit sky130_fd_sc_hd__xnor2_2 contains 0 device instances.
Circuit contains 0 nets, and 7 disconnected pins.
Contents of circuit 2:  Circuit: 'sky130_fd_sc_hd__xnor2_2'
Circuit sky130_fd_sc_hd__xnor2_2 contains 0 device instances.
Circuit contains 0 nets.

Circuit sky130_fd_sc_hd__xnor2_2 contains no devices.

Contents of circuit 1:  Circuit: 'sky130_fd_sc_hd__xor2_2'
Circuit sky130_fd_sc_hd__xor2_2 contains 0 device instances.
Circuit contains 0 nets, and 7 disconnected pins.
Contents of circuit 2:  Circuit: 'sky130_fd_sc_hd__xor2_2'
Circuit sky130_fd_sc_hd__xor2_2 contains 0 device instances.
Circuit contains 0 nets.

Circuit sky130_fd_sc_hd__xor2_2 contains no devices.

Contents of circuit 1:  Circuit: 'sky130_fd_sc_hd__or2_2'
Circuit sky130_fd_sc_hd__or2_2 contains 0 device instances.
Circuit contains 0 nets, and 7 disconnected pins.
Contents of circuit 2:  Circuit: 'sky130_fd_sc_hd__or2_2'
Circuit sky130_fd_sc_hd__or2_2 contains 0 device instances.
Circuit contains 0 nets.

Circuit sky130_fd_sc_hd__or2_2 contains no devices.

Contents of circuit 1:  Circuit: 'sky130_fd_sc_hd__o221a_1'
Circuit sky130_fd_sc_hd__o221a_1 contains 0 device instances.
Circuit contains 0 nets, and 10 disconnected pins.
Contents of circuit 2:  Circuit: 'sky130_fd_sc_hd__o221a_1'
Circuit sky130_fd_sc_hd__o221a_1 contains 0 device instances.
Circuit contains 0 nets.

Circuit sky130_fd_sc_hd__o221a_1 contains no devices.

Contents of circuit 1:  Circuit: 'sky130_fd_sc_hd__o32ai_4'
Circuit sky130_fd_sc_hd__o32ai_4 contains 0 device instances.
Circuit contains 0 nets, and 10 disconnected pins.
Contents of circuit 2:  Circuit: 'sky130_fd_sc_hd__o32ai_4'
Circuit sky130_fd_sc_hd__o32ai_4 contains 0 device instances.
Circuit contains 0 nets.

Circuit sky130_fd_sc_hd__o32ai_4 contains no devices.

Contents of circuit 1:  Circuit: 'sky130_fd_sc_hd__or3b_1'
Circuit sky130_fd_sc_hd__or3b_1 contains 0 device instances.
Circuit contains 0 nets, and 8 disconnected pins.
Contents of circuit 2:  Circuit: 'sky130_fd_sc_hd__or3b_1'
Circuit sky130_fd_sc_hd__or3b_1 contains 0 device instances.
Circuit contains 0 nets.

Circuit sky130_fd_sc_hd__or3b_1 contains no devices.

Contents of circuit 1:  Circuit: 'sky130_fd_sc_hd__nand2b_1'
Circuit sky130_fd_sc_hd__nand2b_1 contains 0 device instances.
Circuit contains 0 nets, and 7 disconnected pins.
Contents of circuit 2:  Circuit: 'sky130_fd_sc_hd__nand2b_1'
Circuit sky130_fd_sc_hd__nand2b_1 contains 0 device instances.
Circuit contains 0 nets.

Circuit sky130_fd_sc_hd__nand2b_1 contains no devices.

Contents of circuit 1:  Circuit: 'sky130_fd_sc_hd__dlymetal6s2s_1'
Circuit sky130_fd_sc_hd__dlymetal6s2s_1 contains 0 device instances.
Circuit contains 0 nets, and 6 disconnected pins.
Contents of circuit 2:  Circuit: 'sky130_fd_sc_hd__dlymetal6s2s_1'
Circuit sky130_fd_sc_hd__dlymetal6s2s_1 contains 0 device instances.
Circuit contains 0 nets.

Circuit sky130_fd_sc_hd__dlymetal6s2s_1 contains no devices.

Contents of circuit 1:  Circuit: 'sky130_fd_sc_hd__clkbuf_1'
Circuit sky130_fd_sc_hd__clkbuf_1 contains 0 device instances.
Circuit contains 0 nets, and 6 disconnected pins.
Contents of circuit 2:  Circuit: 'sky130_fd_sc_hd__clkbuf_1'
Circuit sky130_fd_sc_hd__clkbuf_1 contains 0 device instances.
Circuit contains 0 nets.

Circuit sky130_fd_sc_hd__clkbuf_1 contains no devices.

Contents of circuit 1:  Circuit: 'sky130_fd_sc_hd__o21ai_4'
Circuit sky130_fd_sc_hd__o21ai_4 contains 0 device instances.
Circuit contains 0 nets, and 8 disconnected pins.
Contents of circuit 2:  Circuit: 'sky130_fd_sc_hd__o21ai_4'
Circuit sky130_fd_sc_hd__o21ai_4 contains 0 device instances.
Circuit contains 0 nets.

Circuit sky130_fd_sc_hd__o21ai_4 contains no devices.

Contents of circuit 1:  Circuit: 'sky130_fd_sc_hd__a21bo_1'
Circuit sky130_fd_sc_hd__a21bo_1 contains 0 device instances.
Circuit contains 0 nets, and 8 disconnected pins.
Contents of circuit 2:  Circuit: 'sky130_fd_sc_hd__a21bo_1'
Circuit sky130_fd_sc_hd__a21bo_1 contains 0 device instances.
Circuit contains 0 nets.

Circuit sky130_fd_sc_hd__a21bo_1 contains no devices.

Contents of circuit 1:  Circuit: 'sky130_fd_sc_hd__o31ai_1'
Circuit sky130_fd_sc_hd__o31ai_1 contains 0 device instances.
Circuit contains 0 nets, and 9 disconnected pins.
Contents of circuit 2:  Circuit: 'sky130_fd_sc_hd__o31ai_1'
Circuit sky130_fd_sc_hd__o31ai_1 contains 0 device instances.
Circuit contains 0 nets.

Circuit sky130_fd_sc_hd__o31ai_1 contains no devices.

Contents of circuit 1:  Circuit: 'sky130_fd_sc_hd__a221oi_2'
Circuit sky130_fd_sc_hd__a221oi_2 contains 0 device instances.
Circuit contains 0 nets, and 10 disconnected pins.
Contents of circuit 2:  Circuit: 'sky130_fd_sc_hd__a221oi_2'
Circuit sky130_fd_sc_hd__a221oi_2 contains 0 device instances.
Circuit contains 0 nets.

Circuit sky130_fd_sc_hd__a221oi_2 contains no devices.

Contents of circuit 1:  Circuit: 'sky130_fd_sc_hd__and3b_2'
Circuit sky130_fd_sc_hd__and3b_2 contains 0 device instances.
Circuit contains 0 nets, and 8 disconnected pins.
Contents of circuit 2:  Circuit: 'sky130_fd_sc_hd__and3b_2'
Circuit sky130_fd_sc_hd__and3b_2 contains 0 device instances.
Circuit contains 0 nets.

Circuit sky130_fd_sc_hd__and3b_2 contains no devices.

Contents of circuit 1:  Circuit: 'sky130_fd_sc_hd__o311a_1'
Circuit sky130_fd_sc_hd__o311a_1 contains 0 device instances.
Circuit contains 0 nets, and 10 disconnected pins.
Contents of circuit 2:  Circuit: 'sky130_fd_sc_hd__o311a_1'
Circuit sky130_fd_sc_hd__o311a_1 contains 0 device instances.
Circuit contains 0 nets.

Circuit sky130_fd_sc_hd__o311a_1 contains no devices.

Contents of circuit 1:  Circuit: 'sky130_fd_sc_hd__nor3_2'
Circuit sky130_fd_sc_hd__nor3_2 contains 0 device instances.
Circuit contains 0 nets, and 8 disconnected pins.
Contents of circuit 2:  Circuit: 'sky130_fd_sc_hd__nor3_2'
Circuit sky130_fd_sc_hd__nor3_2 contains 0 device instances.
Circuit contains 0 nets.

Circuit sky130_fd_sc_hd__nor3_2 contains no devices.

Contents of circuit 1:  Circuit: 'sky130_fd_sc_hd__nor4_1'
Circuit sky130_fd_sc_hd__nor4_1 contains 0 device instances.
Circuit contains 0 nets, and 9 disconnected pins.
Contents of circuit 2:  Circuit: 'sky130_fd_sc_hd__nor4_1'
Circuit sky130_fd_sc_hd__nor4_1 contains 0 device instances.
Circuit contains 0 nets.

Circuit sky130_fd_sc_hd__nor4_1 contains no devices.

Contents of circuit 1:  Circuit: 'sky130_fd_sc_hd__or3b_4'
Circuit sky130_fd_sc_hd__or3b_4 contains 0 device instances.
Circuit contains 0 nets, and 8 disconnected pins.
Contents of circuit 2:  Circuit: 'sky130_fd_sc_hd__or3b_4'
Circuit sky130_fd_sc_hd__or3b_4 contains 0 device instances.
Circuit contains 0 nets.

Circuit sky130_fd_sc_hd__or3b_4 contains no devices.

Contents of circuit 1:  Circuit: 'sky130_fd_sc_hd__o211ai_1'
Circuit sky130_fd_sc_hd__o211ai_1 contains 0 device instances.
Circuit contains 0 nets, and 9 disconnected pins.
Contents of circuit 2:  Circuit: 'sky130_fd_sc_hd__o211ai_1'
Circuit sky130_fd_sc_hd__o211ai_1 contains 0 device instances.
Circuit contains 0 nets.

Circuit sky130_fd_sc_hd__o211ai_1 contains no devices.

Contents of circuit 1:  Circuit: 'sky130_fd_sc_hd__a311oi_2'
Circuit sky130_fd_sc_hd__a311oi_2 contains 0 device instances.
Circuit contains 0 nets, and 10 disconnected pins.
Contents of circuit 2:  Circuit: 'sky130_fd_sc_hd__a311oi_2'
Circuit sky130_fd_sc_hd__a311oi_2 contains 0 device instances.
Circuit contains 0 nets.

Circuit sky130_fd_sc_hd__a311oi_2 contains no devices.

Contents of circuit 1:  Circuit: 'sky130_fd_sc_hd__o41a_2'
Circuit sky130_fd_sc_hd__o41a_2 contains 0 device instances.
Circuit contains 0 nets, and 10 disconnected pins.
Contents of circuit 2:  Circuit: 'sky130_fd_sc_hd__o41a_2'
Circuit sky130_fd_sc_hd__o41a_2 contains 0 device instances.
Circuit contains 0 nets.

Circuit sky130_fd_sc_hd__o41a_2 contains no devices.

Contents of circuit 1:  Circuit: 'CPU_core'
Circuit CPU_core contains 14451 device instances.
  Class: sky130_fd_sc_hd__bufinv_16 instances:   2
  Class: sky130_fd_sc_hd__a31o_1 instances:  20
  Class: sky130_fd_sc_hd__a21o_1 instances:  10
  Class: sky130_fd_sc_hd__o32ai_4 instances:   1
  Class: sky130_fd_sc_hd__clkbuf_16 instances:   3
  Class: sky130_fd_sc_hd__dfxtp_1 instances: 216
  Class: sky130_fd_sc_hd__dfxtp_2 instances:  56
  Class: sky130_fd_sc_hd__o31ai_1 instances:   1
  Class: sky130_fd_sc_hd__dfxtp_4 instances:   7
  Class: sky130_fd_sc_hd__or4_1 instances:   8
  Class: sky130_fd_sc_hd__or4_4 instances:   1
  Class: sky130_fd_sc_hd__nand4_1 instances:   2
  Class: sky130_fd_sc_hd__buf_1 instances:  36
  Class: sky130_fd_sc_hd__buf_2 instances:   7
  Class: sky130_fd_sc_hd__buf_4 instances:   5
  Class: sky130_fd_sc_hd__buf_8 instances: 118
  Class: sky130_fd_sc_hd__and3b_1 instances:   2
  Class: sky130_fd_sc_hd__and3b_2 instances:   1
  Class: sky130_fd_sc_hd__xor2_1 instances:   4
  Class: sky130_fd_sc_hd__xor2_2 instances:   3
  Class: sky130_ef_sc_hd__decap_12 instances: 6099
  Class: sky130_fd_sc_hd__and4_1 instances:   3
  Class: sky130_fd_sc_hd__inv_2 instances:   9
  Class: sky130_fd_sc_hd__inv_6 instances:   1
  Class: sky130_fd_sc_hd__inv_8 instances:   4
  Class: sky130_fd_sc_hd__clkbuf_1 instances:   3
  Class: sky130_fd_sc_hd__clkbuf_2 instances:  13
  Class: sky130_fd_sc_hd__clkbuf_4 instances:  24
  Class: sky130_fd_sc_hd__clkbuf_8 instances:  22
  Class: sky130_fd_sc_hd__or3_1 instances:  16
  Class: sky130_fd_sc_hd__nand3_1 instances:   3
  Class: sky130_fd_sc_hd__o21ba_1 instances:   5
  Class: sky130_fd_sc_hd__and2b_1 instances:   5
  Class: sky130_fd_sc_hd__conb_1 instances:  26
  Class: sky130_fd_sc_hd__a21boi_1 instances:   1
  Class: sky130_fd_sc_hd__buf_12 instances:  20
  Class: sky130_fd_sc_hd__a21bo_1 instances:   1
  Class: sky130_fd_sc_hd__a221oi_2 instances:   1
  Class: sky130_fd_sc_hd__clkinv_4 instances:   3
  Class: sky130_fd_sc_hd__clkinv_8 instances:   1
  Class: sky130_fd_sc_hd__and3_1 instances:  57
  Class: sky130_fd_sc_hd__decap_3 instances: 536
  Class: sky130_fd_sc_hd__decap_4 instances: 319
  Class: sky130_fd_sc_hd__decap_6 instances: 1431
  Class: sky130_fd_sc_hd__decap_8 instances: 328
  Class: sky130_fd_sc_hd__dlygate4sd3_1 instances: 343
  Class: sky130_fd_sc_hd__or2_1 instances:  52
  Class: sky130_fd_sc_hd__or2_2 instances:   3
  Class: sky130_fd_sc_hd__nand2_1 instances:  33
  Class: sky130_fd_sc_hd__nand2_2 instances:   2
  Class: sky130_fd_sc_hd__nor4b_1 instances:   2
  Class: sky130_fd_sc_hd__mux2_1 instances:  83
  Class: sky130_fd_sc_hd__and2_1 instances:  94
  Class: sky130_fd_sc_hd__or4b_1 instances:   1
  Class: sky130_fd_sc_hd__or4b_2 instances:   2
  Class: sky130_fd_sc_hd__clkinvlp_2 instances:   2
  Class: sky130_fd_sc_hd__clkinvlp_4 instances:   1
  Class: sky130_fd_sc_hd__nor4_1 instances:   1
  Class: sky130_fd_sc_hd__inv_12 instances:   1
  Class: sky130_fd_sc_hd__o22a_1 instances:   1
  Class: sky130_fd_sc_hd__xnor2_1 instances:  22
  Class: sky130_fd_sc_hd__xnor2_2 instances:   3
  Class: sky130_fd_sc_hd__nor3b_1 instances:   2
  Class: sky130_fd_sc_hd__nor3b_2 instances:   2
  Class: sky130_fd_sc_hd__o221a_1 instances:   1
  Class: sky130_fd_sc_hd__o211a_1 instances:  28
  Class: sky130_fd_sc_hd__nand2b_1 instances:   1
  Class: sky130_fd_sc_hd__a311oi_2 instances:   1
  Class: sky130_fd_sc_hd__a211o_1 instances:   4
  Class: sky130_fd_sc_hd__or3b_1 instances:   3
  Class: sky130_fd_sc_hd__or3b_4 instances:   1
  Class: sky130_fd_sc_hd__dlymetal6s2s_1 instances:   6
  Class: sky130_fd_sc_hd__nor3_1 instances:  12
  Class: sky130_fd_sc_hd__nor3_2 instances:   1
  Class: sky130_fd_sc_hd__a32o_1 instances:   1
  Class: sky130_fd_sc_hd__o41a_2 instances:   1
  Class: sky130_fd_sc_hd__a22o_1 instances:  98
  Class: sky130_fd_sc_hd__o31a_1 instances:   3
  Class: sky130_fd_sc_hd__o21a_1 instances:  39
  Class: sky130_fd_sc_hd__o21a_2 instances:   1
  Class: sky130_fd_sc_hd__o311a_1 instances:   2
  Class: sky130_fd_sc_hd__nor2b_1 instances:   3
  Class: sky130_fd_sc_hd__o21ai_1 instances:  15
  Class: sky130_fd_sc_hd__o21ai_2 instances:   2
  Class: sky130_fd_sc_hd__tapvpwrvgnd_1 instances: 1904
  Class: sky130_fd_sc_hd__o21ai_4 instances:   1
  Class: sky130_fd_sc_hd__a21oi_1 instances:  52
  Class: sky130_fd_sc_hd__a311o_1 instances:   1
  Class: sky130_fd_sc_hd__fill_1 instances: 1864
  Class: sky130_fd_sc_hd__fill_2 instances: 259
  Class: sky130_fd_sc_hd__o211ai_1 instances:   1
  Class: sky130_fd_sc_hd__or2b_1 instances:  12
  Class: sky130_fd_sc_hd__and4bb_1 instances:   1
  Class: sky130_fd_sc_hd__nor2_1 instances:  44
  Class: sky130_fd_sc_hd__nor2_4 instances:   5
Circuit contains 1741 nets.
Contents of circuit 2:  Circuit: 'CPU_core'
Circuit CPU_core contains 14451 device instances.
  Class: sky130_fd_sc_hd__bufinv_16 instances:   2
  Class: sky130_fd_sc_hd__a31o_1 instances:  20
  Class: sky130_fd_sc_hd__a21o_1 instances:  10
  Class: sky130_fd_sc_hd__clkbuf_16 instances:   3
  Class: sky130_fd_sc_hd__o32ai_4 instances:   1
  Class: sky130_fd_sc_hd__dfxtp_1 instances: 216
  Class: sky130_fd_sc_hd__dfxtp_2 instances:  56
  Class: sky130_fd_sc_hd__dfxtp_4 instances:   7
  Class: sky130_fd_sc_hd__o31ai_1 instances:   1
  Class: sky130_fd_sc_hd__or4_1 instances:   8
  Class: sky130_fd_sc_hd__or4_4 instances:   1
  Class: sky130_fd_sc_hd__nand4_1 instances:   2
  Class: sky130_fd_sc_hd__buf_1 instances:  36
  Class: sky130_fd_sc_hd__buf_2 instances:   7
  Class: sky130_fd_sc_hd__buf_4 instances:   5
  Class: sky130_fd_sc_hd__buf_8 instances: 118
  Class: sky130_fd_sc_hd__and3b_1 instances:   2
  Class: sky130_fd_sc_hd__and3b_2 instances:   1
  Class: sky130_fd_sc_hd__xor2_1 instances:   4
  Class: sky130_fd_sc_hd__xor2_2 instances:   3
  Class: sky130_ef_sc_hd__decap_12 instances: 6099
  Class: sky130_fd_sc_hd__and4_1 instances:   3
  Class: sky130_fd_sc_hd__inv_2 instances:   9
  Class: sky130_fd_sc_hd__inv_6 instances:   1
  Class: sky130_fd_sc_hd__inv_8 instances:   4
  Class: sky130_fd_sc_hd__clkbuf_1 instances:   3
  Class: sky130_fd_sc_hd__clkbuf_2 instances:  13
  Class: sky130_fd_sc_hd__clkbuf_4 instances:  24
  Class: sky130_fd_sc_hd__clkbuf_8 instances:  22
  Class: sky130_fd_sc_hd__or3_1 instances:  16
  Class: sky130_fd_sc_hd__nand3_1 instances:   3
  Class: sky130_fd_sc_hd__o21ba_1 instances:   5
  Class: sky130_fd_sc_hd__and2b_1 instances:   5
  Class: sky130_fd_sc_hd__conb_1 instances:  26
  Class: sky130_fd_sc_hd__a21boi_1 instances:   1
  Class: sky130_fd_sc_hd__buf_12 instances:  20
  Class: sky130_fd_sc_hd__a21bo_1 instances:   1
  Class: sky130_fd_sc_hd__a221oi_2 instances:   1
  Class: sky130_fd_sc_hd__clkinv_4 instances:   3
  Class: sky130_fd_sc_hd__clkinv_8 instances:   1
  Class: sky130_fd_sc_hd__and3_1 instances:  57
  Class: sky130_fd_sc_hd__decap_3 instances: 536
  Class: sky130_fd_sc_hd__decap_4 instances: 319
  Class: sky130_fd_sc_hd__decap_6 instances: 1431
  Class: sky130_fd_sc_hd__decap_8 instances: 328
  Class: sky130_fd_sc_hd__dlygate4sd3_1 instances: 343
  Class: sky130_fd_sc_hd__or2_1 instances:  52
  Class: sky130_fd_sc_hd__or2_2 instances:   3
  Class: sky130_fd_sc_hd__nand2_1 instances:  33
  Class: sky130_fd_sc_hd__nand2_2 instances:   2
  Class: sky130_fd_sc_hd__nor4b_1 instances:   2
  Class: sky130_fd_sc_hd__mux2_1 instances:  83
  Class: sky130_fd_sc_hd__and2_1 instances:  94
  Class: sky130_fd_sc_hd__or4b_1 instances:   1
  Class: sky130_fd_sc_hd__or4b_2 instances:   2
  Class: sky130_fd_sc_hd__clkinvlp_2 instances:   2
  Class: sky130_fd_sc_hd__clkinvlp_4 instances:   1
  Class: sky130_fd_sc_hd__nor4_1 instances:   1
  Class: sky130_fd_sc_hd__inv_12 instances:   1
  Class: sky130_fd_sc_hd__o22a_1 instances:   1
  Class: sky130_fd_sc_hd__xnor2_1 instances:  22
  Class: sky130_fd_sc_hd__xnor2_2 instances:   3
  Class: sky130_fd_sc_hd__nor3b_1 instances:   2
  Class: sky130_fd_sc_hd__nor3b_2 instances:   2
  Class: sky130_fd_sc_hd__o221a_1 instances:   1
  Class: sky130_fd_sc_hd__o211a_1 instances:  28
  Class: sky130_fd_sc_hd__nand2b_1 instances:   1
  Class: sky130_fd_sc_hd__a311oi_2 instances:   1
  Class: sky130_fd_sc_hd__a211o_1 instances:   4
  Class: sky130_fd_sc_hd__or3b_1 instances:   3
  Class: sky130_fd_sc_hd__or3b_4 instances:   1
  Class: sky130_fd_sc_hd__dlymetal6s2s_1 instances:   6
  Class: sky130_fd_sc_hd__nor3_1 instances:  12
  Class: sky130_fd_sc_hd__nor3_2 instances:   1
  Class: sky130_fd_sc_hd__a32o_1 instances:   1
  Class: sky130_fd_sc_hd__o41a_2 instances:   1
  Class: sky130_fd_sc_hd__a22o_1 instances:  98
  Class: sky130_fd_sc_hd__o31a_1 instances:   3
  Class: sky130_fd_sc_hd__o21a_1 instances:  39
  Class: sky130_fd_sc_hd__o21a_2 instances:   1
  Class: sky130_fd_sc_hd__o311a_1 instances:   2
  Class: sky130_fd_sc_hd__nor2b_1 instances:   3
  Class: sky130_fd_sc_hd__o21ai_1 instances:  15
  Class: sky130_fd_sc_hd__o21ai_2 instances:   2
  Class: sky130_fd_sc_hd__tapvpwrvgnd_1 instances: 1904
  Class: sky130_fd_sc_hd__o21ai_4 instances:   1
  Class: sky130_fd_sc_hd__a21oi_1 instances:  52
  Class: sky130_fd_sc_hd__a311o_1 instances:   1
  Class: sky130_fd_sc_hd__fill_1 instances: 1864
  Class: sky130_fd_sc_hd__fill_2 instances: 259
  Class: sky130_fd_sc_hd__o211ai_1 instances:   1
  Class: sky130_fd_sc_hd__or2b_1 instances:  12
  Class: sky130_fd_sc_hd__and4bb_1 instances:   1
  Class: sky130_fd_sc_hd__nor2_1 instances:  44
  Class: sky130_fd_sc_hd__nor2_4 instances:   5
Circuit contains 1741 nets.

Circuit was modified by parallel/series device merging.
New circuit summary:

Contents of circuit 1:  Circuit: 'CPU_core'
Circuit CPU_core contains 1719 device instances.
  Class: sky130_fd_sc_hd__bufinv_16 instances:   2
  Class: sky130_fd_sc_hd__a31o_1 instances:  20
  Class: sky130_fd_sc_hd__a21o_1 instances:  10
  Class: sky130_fd_sc_hd__o32ai_4 instances:   1
  Class: sky130_fd_sc_hd__clkbuf_16 instances:   3
  Class: sky130_fd_sc_hd__dfxtp_1 instances: 216
  Class: sky130_fd_sc_hd__dfxtp_2 instances:  56
  Class: sky130_fd_sc_hd__o31ai_1 instances:   1
  Class: sky130_fd_sc_hd__dfxtp_4 instances:   7
  Class: sky130_fd_sc_hd__or4_1 instances:   8
  Class: sky130_fd_sc_hd__or4_4 instances:   1
  Class: sky130_fd_sc_hd__nand4_1 instances:   2
  Class: sky130_fd_sc_hd__buf_1 instances:  36
  Class: sky130_fd_sc_hd__buf_2 instances:   7
  Class: sky130_fd_sc_hd__buf_4 instances:   5
  Class: sky130_fd_sc_hd__buf_8 instances: 118
  Class: sky130_fd_sc_hd__and3b_1 instances:   2
  Class: sky130_fd_sc_hd__and3b_2 instances:   1
  Class: sky130_fd_sc_hd__xor2_1 instances:   4
  Class: sky130_fd_sc_hd__xor2_2 instances:   3
  Class: sky130_ef_sc_hd__decap_12 instances:   1
  Class: sky130_fd_sc_hd__and4_1 instances:   3
  Class: sky130_fd_sc_hd__inv_2 instances:   9
  Class: sky130_fd_sc_hd__inv_6 instances:   1
  Class: sky130_fd_sc_hd__inv_8 instances:   4
  Class: sky130_fd_sc_hd__clkbuf_1 instances:   3
  Class: sky130_fd_sc_hd__clkbuf_2 instances:  13
  Class: sky130_fd_sc_hd__clkbuf_4 instances:  24
  Class: sky130_fd_sc_hd__clkbuf_8 instances:  22
  Class: sky130_fd_sc_hd__or3_1 instances:  16
  Class: sky130_fd_sc_hd__nand3_1 instances:   3
  Class: sky130_fd_sc_hd__o21ba_1 instances:   5
  Class: sky130_fd_sc_hd__and2b_1 instances:   5
  Class: sky130_fd_sc_hd__conb_1 instances:  26
  Class: sky130_fd_sc_hd__a21boi_1 instances:   1
  Class: sky130_fd_sc_hd__buf_12 instances:  20
  Class: sky130_fd_sc_hd__a21bo_1 instances:   1
  Class: sky130_fd_sc_hd__a221oi_2 instances:   1
  Class: sky130_fd_sc_hd__clkinv_4 instances:   3
  Class: sky130_fd_sc_hd__clkinv_8 instances:   1
  Class: sky130_fd_sc_hd__and3_1 instances:  57
  Class: sky130_fd_sc_hd__decap_3 instances:   1
  Class: sky130_fd_sc_hd__decap_4 instances:   1
  Class: sky130_fd_sc_hd__decap_6 instances:   1
  Class: sky130_fd_sc_hd__decap_8 instances:   1
  Class: sky130_fd_sc_hd__dlygate4sd3_1 instances: 343
  Class: sky130_fd_sc_hd__or2_1 instances:  52
  Class: sky130_fd_sc_hd__or2_2 instances:   3
  Class: sky130_fd_sc_hd__nand2_1 instances:  33
  Class: sky130_fd_sc_hd__nand2_2 instances:   2
  Class: sky130_fd_sc_hd__nor4b_1 instances:   2
  Class: sky130_fd_sc_hd__mux2_1 instances:  83
  Class: sky130_fd_sc_hd__and2_1 instances:  94
  Class: sky130_fd_sc_hd__or4b_1 instances:   1
  Class: sky130_fd_sc_hd__or4b_2 instances:   2
  Class: sky130_fd_sc_hd__clkinvlp_2 instances:   2
  Class: sky130_fd_sc_hd__clkinvlp_4 instances:   1
  Class: sky130_fd_sc_hd__nor4_1 instances:   1
  Class: sky130_fd_sc_hd__inv_12 instances:   1
  Class: sky130_fd_sc_hd__o22a_1 instances:   1
  Class: sky130_fd_sc_hd__xnor2_1 instances:  22
  Class: sky130_fd_sc_hd__xnor2_2 instances:   3
  Class: sky130_fd_sc_hd__nor3b_1 instances:   2
  Class: sky130_fd_sc_hd__nor3b_2 instances:   2
  Class: sky130_fd_sc_hd__o221a_1 instances:   1
  Class: sky130_fd_sc_hd__o211a_1 instances:  28
  Class: sky130_fd_sc_hd__nand2b_1 instances:   1
  Class: sky130_fd_sc_hd__a311oi_2 instances:   1
  Class: sky130_fd_sc_hd__a211o_1 instances:   4
  Class: sky130_fd_sc_hd__or3b_1 instances:   3
  Class: sky130_fd_sc_hd__or3b_4 instances:   1
  Class: sky130_fd_sc_hd__dlymetal6s2s_1 instances:   6
  Class: sky130_fd_sc_hd__nor3_1 instances:  12
  Class: sky130_fd_sc_hd__nor3_2 instances:   1
  Class: sky130_fd_sc_hd__a32o_1 instances:   1
  Class: sky130_fd_sc_hd__o41a_2 instances:   1
  Class: sky130_fd_sc_hd__a22o_1 instances:  98
  Class: sky130_fd_sc_hd__o31a_1 instances:   3
  Class: sky130_fd_sc_hd__o21a_1 instances:  39
  Class: sky130_fd_sc_hd__o21a_2 instances:   1
  Class: sky130_fd_sc_hd__o311a_1 instances:   2
  Class: sky130_fd_sc_hd__nor2b_1 instances:   3
  Class: sky130_fd_sc_hd__o21ai_1 instances:  15
  Class: sky130_fd_sc_hd__o21ai_2 instances:   2
  Class: sky130_fd_sc_hd__tapvpwrvgnd_1 instances:   1
  Class: sky130_fd_sc_hd__o21ai_4 instances:   1
  Class: sky130_fd_sc_hd__a21oi_1 instances:  52
  Class: sky130_fd_sc_hd__a311o_1 instances:   1
  Class: sky130_fd_sc_hd__fill_1 instances:   1
  Class: sky130_fd_sc_hd__fill_2 instances:   1
  Class: sky130_fd_sc_hd__o211ai_1 instances:   1
  Class: sky130_fd_sc_hd__or2b_1 instances:  12
  Class: sky130_fd_sc_hd__and4bb_1 instances:   1
  Class: sky130_fd_sc_hd__nor2_1 instances:  44
  Class: sky130_fd_sc_hd__nor2_4 instances:   5
Circuit contains 1741 nets.
Contents of circuit 2:  Circuit: 'CPU_core'
Circuit CPU_core contains 1719 device instances.
  Class: sky130_fd_sc_hd__bufinv_16 instances:   2
  Class: sky130_fd_sc_hd__a31o_1 instances:  20
  Class: sky130_fd_sc_hd__a21o_1 instances:  10
  Class: sky130_fd_sc_hd__clkbuf_16 instances:   3
  Class: sky130_fd_sc_hd__o32ai_4 instances:   1
  Class: sky130_fd_sc_hd__dfxtp_1 instances: 216
  Class: sky130_fd_sc_hd__dfxtp_2 instances:  56
  Class: sky130_fd_sc_hd__dfxtp_4 instances:   7
  Class: sky130_fd_sc_hd__o31ai_1 instances:   1
  Class: sky130_fd_sc_hd__or4_1 instances:   8
  Class: sky130_fd_sc_hd__or4_4 instances:   1
  Class: sky130_fd_sc_hd__nand4_1 instances:   2
  Class: sky130_fd_sc_hd__buf_1 instances:  36
  Class: sky130_fd_sc_hd__buf_2 instances:   7
  Class: sky130_fd_sc_hd__buf_4 instances:   5
  Class: sky130_fd_sc_hd__buf_8 instances: 118
  Class: sky130_fd_sc_hd__and3b_1 instances:   2
  Class: sky130_fd_sc_hd__and3b_2 instances:   1
  Class: sky130_fd_sc_hd__xor2_1 instances:   4
  Class: sky130_fd_sc_hd__xor2_2 instances:   3
  Class: sky130_ef_sc_hd__decap_12 instances:   1
  Class: sky130_fd_sc_hd__and4_1 instances:   3
  Class: sky130_fd_sc_hd__inv_2 instances:   9
  Class: sky130_fd_sc_hd__inv_6 instances:   1
  Class: sky130_fd_sc_hd__inv_8 instances:   4
  Class: sky130_fd_sc_hd__clkbuf_1 instances:   3
  Class: sky130_fd_sc_hd__clkbuf_2 instances:  13
  Class: sky130_fd_sc_hd__clkbuf_4 instances:  24
  Class: sky130_fd_sc_hd__clkbuf_8 instances:  22
  Class: sky130_fd_sc_hd__or3_1 instances:  16
  Class: sky130_fd_sc_hd__nand3_1 instances:   3
  Class: sky130_fd_sc_hd__o21ba_1 instances:   5
  Class: sky130_fd_sc_hd__and2b_1 instances:   5
  Class: sky130_fd_sc_hd__conb_1 instances:  26
  Class: sky130_fd_sc_hd__a21boi_1 instances:   1
  Class: sky130_fd_sc_hd__buf_12 instances:  20
  Class: sky130_fd_sc_hd__a21bo_1 instances:   1
  Class: sky130_fd_sc_hd__a221oi_2 instances:   1
  Class: sky130_fd_sc_hd__clkinv_4 instances:   3
  Class: sky130_fd_sc_hd__clkinv_8 instances:   1
  Class: sky130_fd_sc_hd__and3_1 instances:  57
  Class: sky130_fd_sc_hd__decap_3 instances:   1
  Class: sky130_fd_sc_hd__decap_4 instances:   1
  Class: sky130_fd_sc_hd__decap_6 instances:   1
  Class: sky130_fd_sc_hd__decap_8 instances:   1
  Class: sky130_fd_sc_hd__dlygate4sd3_1 instances: 343
  Class: sky130_fd_sc_hd__or2_1 instances:  52
  Class: sky130_fd_sc_hd__or2_2 instances:   3
  Class: sky130_fd_sc_hd__nand2_1 instances:  33
  Class: sky130_fd_sc_hd__nand2_2 instances:   2
  Class: sky130_fd_sc_hd__nor4b_1 instances:   2
  Class: sky130_fd_sc_hd__mux2_1 instances:  83
  Class: sky130_fd_sc_hd__and2_1 instances:  94
  Class: sky130_fd_sc_hd__or4b_1 instances:   1
  Class: sky130_fd_sc_hd__or4b_2 instances:   2
  Class: sky130_fd_sc_hd__clkinvlp_2 instances:   2
  Class: sky130_fd_sc_hd__clkinvlp_4 instances:   1
  Class: sky130_fd_sc_hd__nor4_1 instances:   1
  Class: sky130_fd_sc_hd__inv_12 instances:   1
  Class: sky130_fd_sc_hd__o22a_1 instances:   1
  Class: sky130_fd_sc_hd__xnor2_1 instances:  22
  Class: sky130_fd_sc_hd__xnor2_2 instances:   3
  Class: sky130_fd_sc_hd__nor3b_1 instances:   2
  Class: sky130_fd_sc_hd__nor3b_2 instances:   2
  Class: sky130_fd_sc_hd__o221a_1 instances:   1
  Class: sky130_fd_sc_hd__o211a_1 instances:  28
  Class: sky130_fd_sc_hd__nand2b_1 instances:   1
  Class: sky130_fd_sc_hd__a311oi_2 instances:   1
  Class: sky130_fd_sc_hd__a211o_1 instances:   4
  Class: sky130_fd_sc_hd__or3b_1 instances:   3
  Class: sky130_fd_sc_hd__or3b_4 instances:   1
  Class: sky130_fd_sc_hd__dlymetal6s2s_1 instances:   6
  Class: sky130_fd_sc_hd__nor3_1 instances:  12
  Class: sky130_fd_sc_hd__nor3_2 instances:   1
  Class: sky130_fd_sc_hd__a32o_1 instances:   1
  Class: sky130_fd_sc_hd__o41a_2 instances:   1
  Class: sky130_fd_sc_hd__a22o_1 instances:  98
  Class: sky130_fd_sc_hd__o31a_1 instances:   3
  Class: sky130_fd_sc_hd__o21a_1 instances:  39
  Class: sky130_fd_sc_hd__o21a_2 instances:   1
  Class: sky130_fd_sc_hd__o311a_1 instances:   2
  Class: sky130_fd_sc_hd__nor2b_1 instances:   3
  Class: sky130_fd_sc_hd__o21ai_1 instances:  15
  Class: sky130_fd_sc_hd__o21ai_2 instances:   2
  Class: sky130_fd_sc_hd__tapvpwrvgnd_1 instances:   1
  Class: sky130_fd_sc_hd__o21ai_4 instances:   1
  Class: sky130_fd_sc_hd__a21oi_1 instances:  52
  Class: sky130_fd_sc_hd__a311o_1 instances:   1
  Class: sky130_fd_sc_hd__fill_1 instances:   1
  Class: sky130_fd_sc_hd__fill_2 instances:   1
  Class: sky130_fd_sc_hd__o211ai_1 instances:   1
  Class: sky130_fd_sc_hd__or2b_1 instances:  12
  Class: sky130_fd_sc_hd__and4bb_1 instances:   1
  Class: sky130_fd_sc_hd__nor2_1 instances:  44
  Class: sky130_fd_sc_hd__nor2_4 instances:   5
Circuit contains 1741 nets.

Circuit 1 contains 1719 devices, Circuit 2 contains 1719 devices.
Circuit 1 contains 1741 nets,    Circuit 2 contains 1741 nets.


Final result: 
Circuits match uniquely.
.
Logging to file "/openlane/designs/CPU_core/runs/RUN_2025.08.02_06.14.47/logs/signoff/37-CPU_core.lef.lvs.log" disabled
LVS Done.
